     1                                  bits 32
     2                                  global start
     3                                  
     4                                  extern exit
     5                                  import exit msvcrt.dll
     6                                  
     7                                  segment data use32 class=data
     8 00000000 010306020307            	s1 db 1, 3, 6, 2, 3, 7
     9 00000006 060308010205                s2 db 6, 3, 8, 1, 2, 5
    10                                      len equ $-s1
    11 0000000C 00<rept>                    d times len db 0
    12                                  
    13                                  ;Se dau 2 siruri de octeti S1 si S2 de aceeasi lungime. Sa se construiasca sirul D astfel incat fiecare ;element din D sa reprezinte minumul dintre elementele de pe pozitiile corespunzatoare din S1 si S2.
    14                                  
    15                                  segment code use32 class=code
    16                                      start:
    17 00000000 B90C000000                      mov ecx, len
    18 00000005 BE00000000                      mov esi, 0
    19 0000000A E321                            jecxz final
    20                                      repeta:
    21 0000000C 8A86[00000000]                  mov al, [s1+esi]
    22 00000012 8AA6[06000000]                  mov ah, [s2+esi]
    23 00000018 38E0                            cmp al, ah
    24 0000001A 7708                            ja s2_mai_mic
    25 0000001C 8886[0C000000]                  mov [d+esi], al
    26 00000022 EB06                            jmp mai_departe
    27                                      s2_mai_mic:
    28 00000024 88A6[0C000000]                  mov [d+esi], ah
    29                                      mai_departe:
    30 0000002A 46                              inc esi        
    31 0000002B E2DF                        loop repeta        
    32                                      final:
    33 0000002D 6A00                            push dword 0        
    34 0000002F FF15[00000000]                  call [exit]        
